<?xml version="1.0" encoding="UTF-8"?>
<!-- Generated by org.testng.reporters.JUnitXMLReporter -->
<testsuite hostname="shubhagg-mac" ignored="0" name="Default test" tests="4" failures="0" timestamp="2022-08-08T15:09:03 IST" time="31.717" errors="0">
  <testcase name="searchTest1" time="5.282" classname="testCases.ExecuteTest"/>
  <testcase name="searchTest2" time="4.577" classname="testCases.ExecuteTest"/>
  <testcase name="searchTest3" time="4.426" classname="testCases.ExecuteTest"/>
  <testcase name="searchTest4" time="4.374" classname="testCases.ExecuteTest"/>
</testsuite> <!-- Default test -->
