<?xml version="1.0" encoding="UTF-8"?>
<testng-results skipped="0" failed="0" ignored="0" total="4" passed="4">
  <reporter-output>
  </reporter-output>
  <suite name="Parallel test suite" duration-ms="57082" started-at="2022-08-11T16:56:53 IST" finished-at="2022-08-11T16:57:50 IST">
    <groups>
    </groups>
    <test name="Test" duration-ms="57082" started-at="2022-08-11T16:56:53 IST" finished-at="2022-08-11T16:57:50 IST">
      <class name="testCases.ExecuteTest">
        <test-method status="PASS" signature="setup()[pri:0, instance:testCases.ExecuteTest@5ab14cb9]" name="setup" is-config="true" duration-ms="3750" started-at="2022-08-11T16:56:53 IST" finished-at="2022-08-11T16:56:56 IST">
          <reporter-output>
          </reporter-output>
        </test-method> <!-- setup -->
        <test-method status="PASS" signature="searchTest1()[pri:0, instance:testCases.ExecuteTest@5ab14cb9]" name="searchTest1" duration-ms="15634" started-at="2022-08-11T16:56:57 IST" finished-at="2022-08-11T16:57:12 IST">
          <reporter-output>
          </reporter-output>
        </test-method> <!-- searchTest1 -->
        <test-method status="PASS" signature="tearDown()[pri:0, instance:testCases.ExecuteTest@5ab14cb9]" name="tearDown" is-config="true" duration-ms="197" started-at="2022-08-11T16:57:12 IST" finished-at="2022-08-11T16:57:12 IST">
          <reporter-output>
          </reporter-output>
        </test-method> <!-- tearDown -->
        <test-method status="PASS" signature="setup()[pri:0, instance:testCases.ExecuteTest@5ab14cb9]" name="setup" is-config="true" duration-ms="2541" started-at="2022-08-11T16:57:12 IST" finished-at="2022-08-11T16:57:15 IST">
          <reporter-output>
          </reporter-output>
        </test-method> <!-- setup -->
        <test-method status="PASS" signature="searchTest2()[pri:0, instance:testCases.ExecuteTest@5ab14cb9]" name="searchTest2" duration-ms="9805" started-at="2022-08-11T16:57:15 IST" finished-at="2022-08-11T16:57:25 IST">
          <reporter-output>
          </reporter-output>
        </test-method> <!-- searchTest2 -->
        <test-method status="PASS" signature="tearDown()[pri:0, instance:testCases.ExecuteTest@5ab14cb9]" name="tearDown" is-config="true" duration-ms="192" started-at="2022-08-11T16:57:25 IST" finished-at="2022-08-11T16:57:25 IST">
          <reporter-output>
          </reporter-output>
        </test-method> <!-- tearDown -->
        <test-method status="PASS" signature="setup()[pri:0, instance:testCases.ExecuteTest@5ab14cb9]" name="setup" is-config="true" duration-ms="2956" started-at="2022-08-11T16:57:25 IST" finished-at="2022-08-11T16:57:28 IST">
          <reporter-output>
          </reporter-output>
        </test-method> <!-- setup -->
        <test-method status="PASS" signature="searchTest3()[pri:0, instance:testCases.ExecuteTest@5ab14cb9]" name="searchTest3" duration-ms="9410" started-at="2022-08-11T16:57:28 IST" finished-at="2022-08-11T16:57:37 IST">
          <reporter-output>
          </reporter-output>
        </test-method> <!-- searchTest3 -->
        <test-method status="PASS" signature="tearDown()[pri:0, instance:testCases.ExecuteTest@5ab14cb9]" name="tearDown" is-config="true" duration-ms="201" started-at="2022-08-11T16:57:37 IST" finished-at="2022-08-11T16:57:38 IST">
          <reporter-output>
          </reporter-output>
        </test-method> <!-- tearDown -->
        <test-method status="PASS" signature="setup()[pri:0, instance:testCases.ExecuteTest@5ab14cb9]" name="setup" is-config="true" duration-ms="2489" started-at="2022-08-11T16:57:38 IST" finished-at="2022-08-11T16:57:40 IST">
          <reporter-output>
          </reporter-output>
        </test-method> <!-- setup -->
        <test-method status="PASS" signature="searchTest4()[pri:0, instance:testCases.ExecuteTest@5ab14cb9]" name="searchTest4" duration-ms="9434" started-at="2022-08-11T16:57:40 IST" finished-at="2022-08-11T16:57:49 IST">
          <reporter-output>
          </reporter-output>
        </test-method> <!-- searchTest4 -->
        <test-method status="PASS" signature="tearDown()[pri:0, instance:testCases.ExecuteTest@5ab14cb9]" name="tearDown" is-config="true" duration-ms="188" started-at="2022-08-11T16:57:49 IST" finished-at="2022-08-11T16:57:50 IST">
          <reporter-output>
          </reporter-output>
        </test-method> <!-- tearDown -->
      </class> <!-- testCases.ExecuteTest -->
    </test> <!-- Test -->
  </suite> <!-- Parallel test suite -->
</testng-results>
