<?xml version="1.0" encoding="UTF-8"?>
<!-- Generated by org.testng.reporters.JUnitXMLReporter -->
<testsuite hostname="shubhagg-mac" ignored="0" name="Test" tests="4" failures="0" timestamp="2022-08-11T16:57:55 IST" time="57.082" errors="0">
  <testcase name="searchTest1" time="15.634" classname="testCases.ExecuteTest"/>
  <testcase name="searchTest2" time="9.805" classname="testCases.ExecuteTest"/>
  <testcase name="searchTest3" time="9.41" classname="testCases.ExecuteTest"/>
  <testcase name="searchTest4" time="9.434" classname="testCases.ExecuteTest"/>
</testsuite> <!-- Test -->
